<?xml version="1.0" encoding="UTF-8"?>
<!-- Generated by org.testng.reporters.JUnitReportReporter -->
<testsuite hostname="DESKTOP-NPFOONT" failures="0" tests="1" name="testcases.TestCase2" time="10.443" errors="0" timestamp="2024-03-09T15:59:48 IST" skipped="0">
  <testcase classname="testcases.TestCase2" name="testLoginWithCorrectCredentials" time="10.443"/>
</testsuite> <!-- testcases.TestCase2 -->
