<?xml version="1.0" encoding="UTF-8"?>
<!-- Generated by org.testng.reporters.JUnitReportReporter -->
<testsuite hostname="DESKTOP-NPFOONT" failures="0" tests="7" name="testcases.Testcase15" time="41.392" errors="0" timestamp="2024-03-09T15:52:39 IST" skipped="0">
  <testcase classname="testcases.Testcase15" name="testHomePage" time="0.116"/>
  <testcase classname="testcases.Testcase15" name="signupPage" time="21.988"/>
  <testcase classname="testcases.Testcase15" name="addProducts" time="9.047"/>
  <testcase classname="testcases.Testcase15" name="toCheckout" time="2.251"/>
  <testcase classname="testcases.Testcase15" name="Payment" time="2.806"/>
  <testcase classname="testcases.Testcase15" name="orderPlaced" time="0.071"/>
  <testcase classname="testcases.Testcase15" name="testDeleteAccount" time="5.113"/>
</testsuite> <!-- testcases.Testcase15 -->
