<?xml version="1.0" encoding="UTF-8"?>
<!-- Generated by org.testng.reporters.JUnitReportReporter -->
<testsuite hostname="DESKTOP-NPFOONT" failures="0" tests="1" name="testcases.Testcase4" time="15.459" errors="0" timestamp="2024-03-09T16:15:42 IST" skipped="0">
  <testcase classname="testcases.Testcase4" name="testLogoutUser" time="15.459"/>
</testsuite> <!-- testcases.Testcase4 -->
