<?xml version="1.0" encoding="UTF-8"?>
<!-- Generated by org.testng.reporters.JUnitReportReporter -->
<testsuite hostname="DESKTOP-NPFOONT" failures="0" tests="1" name="testcases.Testcase25" time="1.176" errors="0" timestamp="2024-03-09T15:21:43 IST" skipped="0">
  <testcase classname="testcases.Testcase25" name="testVerifyScrollUpAndDown" time="1.176"/>
</testsuite> <!-- testcases.Testcase25 -->
