<?xml version="1.0" encoding="UTF-8"?>
<!-- Generated by org.testng.reporters.JUnitReportReporter -->
<testsuite hostname="DESKTOP-NPFOONT" failures="0" tests="1" name="testcases.Testcase17" time="11.936" errors="0" timestamp="2024-03-09T16:07:14 IST" skipped="0">
  <testcase classname="testcases.Testcase17" name="testAddProductsToCart" time="11.936"/>
</testsuite> <!-- testcases.Testcase17 -->
