<?xml version="1.0" encoding="UTF-8"?>
<!-- Generated by org.testng.reporters.JUnitReportReporter -->
<testsuite hostname="DESKTOP-NPFOONT" failures="0" tests="7" name="testcases.Testcase16" time="36.073" errors="0" timestamp="2024-03-09T16:21:50 IST" skipped="0">
  <testcase classname="testcases.Testcase16" name="testHomePage" time="0.041"/>
  <testcase classname="testcases.Testcase16" name="testLoginWithCorrectCredentials" time="15.086"/>
  <testcase classname="testcases.Testcase16" name="addProducts" time="9.277"/>
  <testcase classname="testcases.Testcase16" name="toCheckout" time="2.843"/>
  <testcase classname="testcases.Testcase16" name="Payment" time="3.093"/>
  <testcase classname="testcases.Testcase16" name="orderPlaced" time="0.076"/>
  <testcase classname="testcases.Testcase16" name="testDeleteAccount" time="5.657"/>
</testsuite> <!-- testcases.Testcase16 -->
