<?xml version="1.0" encoding="UTF-8"?>
<!-- Generated by org.testng.reporters.JUnitReportReporter -->
<testsuite hostname="DESKTOP-NPFOONT" failures="0" tests="1" name="testcases.Testcase10" time="1.055" errors="0" timestamp="2024-03-09T11:30:21 IST" skipped="0">
  <testcase classname="testcases.Testcase10" name="testSubscription" time="1.055"/>
</testsuite> <!-- testcases.Testcase10 -->
