<?xml version="1.0" encoding="UTF-8"?>
<!-- Generated by org.testng.reporters.JUnitReportReporter -->
<testsuite hostname="DESKTOP-NPFOONT" failures="0" tests="1" name="testcases.Testcase13" time="19.938" errors="0" timestamp="2024-03-09T15:57:18 IST" skipped="0">
  <testcase classname="testcases.Testcase13" name="testAddProductsToCart" time="19.938"/>
</testsuite> <!-- testcases.Testcase13 -->
