<?xml version="1.0" encoding="UTF-8"?>
<!-- Generated by org.testng.reporters.JUnitReportReporter -->
<testsuite hostname="DESKTOP-NPFOONT" failures="0" tests="1" name="testcases.Testcase5" time="4.178" errors="0" timestamp="2024-03-09T14:11:01 IST" skipped="0">
  <testcase classname="testcases.Testcase5" name="testRegisterUserWithExistingEmail" time="4.178"/>
</testsuite> <!-- testcases.Testcase5 -->
