<?xml version="1.0" encoding="UTF-8"?>
<!-- Generated by org.testng.reporters.JUnitReportReporter -->
<testsuite hostname="DESKTOP-NPFOONT" failures="0" tests="1" name="testcases.Testcase21" time="13.486" errors="0" timestamp="2024-03-09T16:14:01 IST" skipped="0">
  <testcase classname="testcases.Testcase21" name="viewProduct" time="13.486"/>
</testsuite> <!-- testcases.Testcase21 -->
