<?xml version="1.0" encoding="UTF-8"?>
<!-- Generated by org.testng.reporters.JUnitReportReporter -->
<testsuite hostname="DESKTOP-NPFOONT" failures="0" tests="1" name="testcases.Testcase3" time="7.072" errors="0" timestamp="2024-03-08T15:56:57 IST" skipped="0">
  <testcase classname="testcases.Testcase3" name="testLoginWithIncorrectCredentials" time="7.072"/>
</testsuite> <!-- testcases.Testcase3 -->
