<?xml version="1.0" encoding="UTF-8"?>
<!-- Generated by org.testng.reporters.JUnitReportReporter -->
<testsuite hostname="DESKTOP-NPFOONT" failures="0" tests="3" name="testcases.Testcase1" time="26.719" errors="0" timestamp="2024-03-09T16:27:36 IST" skipped="0">
  <testcase classname="testcases.Testcase1" name="testHomePage" time="0.059"/>
  <testcase classname="testcases.Testcase1" name="testSignUp" time="21.469"/>
  <testcase classname="testcases.Testcase1" name="testDeleteAccount" time="5.191"/>
</testsuite> <!-- testcases.Testcase1 -->
