<?xml version="1.0" encoding="UTF-8"?>
<!-- Generated by org.testng.reporters.JUnitReportReporter -->
<testsuite hostname="DESKTOP-NPFOONT" failures="0" tests="3" name="testcases.Testcase20" time="22.253" errors="0" timestamp="2024-03-09T16:12:52 IST" skipped="0">
  <testcase classname="testcases.Testcase20" name="testSearchProduct" time="14.640"/>
  <testcase classname="testcases.Testcase20" name="LoginWithCredentials" time="7.424"/>
  <testcase classname="testcases.Testcase20" name="verifyCart" time="0.189"/>
</testsuite> <!-- testcases.Testcase20 -->
