<?xml version="1.0" encoding="UTF-8"?>
<!-- Generated by org.testng.reporters.JUnitReportReporter -->
<testsuite hostname="DESKTOP-NPFOONT" failures="0" tests="1" name="automationMain.Project2.Testcase2" time="11.147" errors="0" timestamp="2024-02-29T19:42:29 IST" skipped="0">
  <testcase classname="automationMain.Project2.Testcase2" name="testLoginAndDeleteAccount" time="11.147"/>
</testsuite> <!-- automationMain.Project2.Testcase2 -->
