<?xml version="1.0" encoding="UTF-8"?>
<!-- Generated by org.testng.reporters.JUnitReportReporter -->
<testsuite hostname="DESKTOP-NPFOONT" failures="0" tests="1" name="testcases.Testcase11" time="3.868" errors="0" timestamp="2024-03-04T08:51:03 IST" skipped="0">
  <testcase classname="testcases.Testcase11" name="testSubscription" time="3.868"/>
</testsuite> <!-- testcases.Testcase11 -->
