<?xml version="1.0" encoding="UTF-8"?>
<!-- Generated by org.testng.reporters.JUnitReportReporter -->
<testsuite hostname="DESKTOP-NPFOONT" failures="0" tests="1" name="testcases.Testcase18" time="15.213" errors="0" timestamp="2024-03-09T16:07:59 IST" skipped="0">
  <testcase classname="testcases.Testcase18" name="testViewCategoryProducts" time="15.213"/>
</testsuite> <!-- testcases.Testcase18 -->
