<?xml version="1.0" encoding="UTF-8"?>
<!-- Generated by org.testng.reporters.JUnitReportReporter -->
<testsuite hostname="DESKTOP-NPFOONT" failures="0" tests="1" name="testcases.Testcase26" time="1.670" errors="0" timestamp="2024-03-09T15:42:56 IST" skipped="0">
  <testcase classname="testcases.Testcase26" name="testVerifyScrollUpAndDown" time="1.670"/>
</testsuite> <!-- testcases.Testcase26 -->
