<?xml version="1.0" encoding="UTF-8"?>
<!-- Generated by org.testng.reporters.JUnitReportReporter -->
<testsuite hostname="DESKTOP-NPFOONT" failures="0" tests="3" name="automationMain.Project2.Testcase1" time="21.366" errors="0" timestamp="2024-02-29T16:01:34 IST" skipped="0">
  <testcase classname="automationMain.Project2.Testcase1" name="testHomePage" time="0.046"/>
  <testcase classname="automationMain.Project2.Testcase1" name="testSignUp" time="18.853"/>
  <testcase classname="automationMain.Project2.Testcase1" name="testDeleteAccount" time="2.467"/>
</testsuite> <!-- automationMain.Project2.Testcase1 -->
