<?xml version="1.0" encoding="UTF-8"?>
<!-- Generated by org.testng.reporters.JUnitReportReporter -->
<testsuite hostname="DESKTOP-NPFOONT" failures="0" tests="1" name="automationMain.Project2.Testcase21" time="16.752" errors="0" timestamp="2024-02-29T20:10:37 IST" skipped="0">
  <testcase classname="automationMain.Project2.Testcase21" name="testCase2_LoginUserWithCorrectCredentials" time="16.752"/>
</testsuite> <!-- automationMain.Project2.Testcase21 -->
