<?xml version="1.0" encoding="UTF-8"?>
<!-- Generated by org.testng.reporters.JUnitReportReporter -->
<testsuite hostname="DESKTOP-NPFOONT" failures="0" tests="7" name="testcases.Testcase14" time="55.261" errors="0" timestamp="2024-03-09T15:58:51 IST" skipped="0">
  <testcase classname="testcases.Testcase14" name="testHomePage" time="0.056"/>
  <testcase classname="testcases.Testcase14" name="testSignUp" time="18.747"/>
  <testcase classname="testcases.Testcase14" name="signupPge" time="16.860"/>
  <testcase classname="testcases.Testcase14" name="toCheckout" time="4.980"/>
  <testcase classname="testcases.Testcase14" name="Payment" time="2.823"/>
  <testcase classname="testcases.Testcase14" name="orderPlaced" time="0.089"/>
  <testcase classname="testcases.Testcase14" name="testDeleteAccount" time="11.706"/>
</testsuite> <!-- testcases.Testcase14 -->
