<?xml version="1.0" encoding="UTF-8"?>
<!-- Generated by org.testng.reporters.JUnitReportReporter -->
<testsuite hostname="DESKTOP-NPFOONT" failures="0" tests="1" name="testcases.Testcase22" time="7.414" errors="0" timestamp="2024-03-09T16:14:49 IST" skipped="0">
  <testcase classname="testcases.Testcase22" name="testecommendedItems" time="7.414"/>
</testsuite> <!-- testcases.Testcase22 -->
