<?xml version="1.0" encoding="UTF-8"?>
<!-- Generated by org.testng.reporters.JUnitReportReporter -->
<testsuite hostname="DESKTOP-NPFOONT" failures="0" tests="1" name="testcases.Testcase7" time="20.956" errors="0" timestamp="2024-03-09T16:17:24 IST" skipped="0">
  <testcase classname="testcases.Testcase7" name="testVerifyTestCasesPage" time="20.956"/>
</testsuite> <!-- testcases.Testcase7 -->
