<?xml version="1.0" encoding="UTF-8"?>
<!-- Generated by org.testng.reporters.JUnitReportReporter -->
<testsuite hostname="DESKTOP-NPFOONT" failures="0" tests="1" name="testcases.Testcase8" time="75.908" errors="0" timestamp="2024-03-09T16:18:53 IST" skipped="0">
  <testcase classname="testcases.Testcase8" name="testVerifyAllProductsAndProductDetail" time="75.908"/>
</testsuite> <!-- testcases.Testcase8 -->
