<?xml version="1.0" encoding="UTF-8"?>
<!-- Generated by org.testng.reporters.JUnitReportReporter -->
<testsuite hostname="DESKTOP-NPFOONT" failures="0" tests="1" name="testcases.Testcase9" time="40.872" errors="0" timestamp="2024-03-09T16:19:49 IST" skipped="0">
  <testcase classname="testcases.Testcase9" name="testSearchProduct" time="40.872"/>
</testsuite> <!-- testcases.Testcase9 -->
